<?xml version="1.0" encoding="UTF-8"?>
<testsuite xmlns:xsi="http://www.w3.org/2001/XMLSchema-instance" xsi:noNamespaceSchemaLocation="https://maven.apache.org/surefire/maven-surefire-plugin/xsd/surefire-test-report.xsd" name="com.provider.gmallinterface.GmallInterfaceApplicationTests" time="0.875" tests="1" errors="1" skipped="0" failures="0">
  <properties>
[...]
</properties>
  <testcase name="com.provider.gmallinterface.GmallInterfaceApplicationTests" classname="com.provider.gmallinterface.GmallInterfaceApplicationTests" time="0.871">
    <error message="Unable to find a @SpringBootConfiguration, you need to use @ContextConfiguration or @SpringBootTest(classes=...) with your test" type="java.lang.IllegalStateException">java.lang.IllegalStateException: Unable to find a @SpringBootConfiguration, you need to use @ContextConfiguration or @SpringBootTest(classes=...) with your test
</error>
    <system-out><![CDATA[19:09:19.074 [main] DEBUG org.springframework.test.context.BootstrapUtils - Instantiating CacheAwareContextLoaderDelegate from class [org.springframework.test.context.cache.DefaultCacheAwareContextLoaderDelegate]
19:09:19.149 [main] DEBUG org.springframework.test.context.BootstrapUtils - Instantiating BootstrapContext using constructor [public org.springframework.test.context.support.DefaultBootstrapContext(java.lang.Class,org.springframework.test.context.CacheAwareContextLoaderDelegate)]
19:09:19.269 [main] DEBUG org.springframework.test.context.BootstrapUtils - Instantiating TestContextBootstrapper for test class [com.provider.gmallinterface.GmallInterfaceApplicationTests] from class [org.springframework.boot.test.context.SpringBootTestContextBootstrapper]
19:09:19.309 [main] INFO org.springframework.boot.test.context.SpringBootTestContextBootstrapper - Neither @ContextConfiguration nor @ContextHierarchy found for test class [com.provider.gmallinterface.GmallInterfaceApplicationTests], using SpringBootContextLoader
19:09:19.322 [main] DEBUG org.springframework.test.context.support.AbstractContextLoader - Did not detect default resource location for test class [com.provider.gmallinterface.GmallInterfaceApplicationTests]: class path resource [com/provider/gmallinterface/GmallInterfaceApplicationTests-context.xml] does not exist
19:09:19.324 [main] DEBUG org.springframework.test.context.support.AbstractContextLoader - Did not detect default resource location for test class [com.provider.gmallinterface.GmallInterfaceApplicationTests]: class path resource [com/provider/gmallinterface/GmallInterfaceApplicationTestsContext.groovy] does not exist
19:09:19.325 [main] INFO org.springframework.test.context.support.AbstractContextLoader - Could not detect default resource locations for test class [com.provider.gmallinterface.GmallInterfaceApplicationTests]: no resource found for suffixes {-context.xml, Context.groovy}.
19:09:19.327 [main] INFO org.springframework.test.context.support.AnnotationConfigContextLoaderUtils - Could not detect default configuration classes for test class [com.provider.gmallinterface.GmallInterfaceApplicationTests]: GmallInterfaceApplicationTests does not declare any static, non-private, non-final, nested classes annotated with @Configuration.
19:09:19.471 [main] DEBUG org.springframework.test.context.support.ActiveProfilesUtils - Could not find an 'annotation declaring class' for annotation type [org.springframework.test.context.ActiveProfiles] and class [com.provider.gmallinterface.GmallInterfaceApplicationTests]
]]></system-out>
  </testcase>
</testsuite>